0 info it worked if it ends with ok
1 verbose cli [ 'D:\\worksoft\\nodejs\\node.exe',
1 verbose cli   'D:\\worksoft\\nodejs\\node_modules\\npm\\bin\\npm-cli.js',
1 verbose cli   'install',
1 verbose cli   'webpack',
1 verbose cli   '-S' ]
2 info using npm@3.10.10
3 info using node@v6.10.3
4 silly loadCurrentTree Starting
5 silly install loadCurrentTree
6 silly install readLocalPackageData
7 silly fetchPackageMetaData webpack@^3.3.0
8 silly fetchNamedPackageData webpack
9 silly mapToRegistry name webpack
10 silly mapToRegistry using default registry
11 silly mapToRegistry registry https://registry.npmjs.org/
12 silly mapToRegistry data Result {
12 silly mapToRegistry   raw: 'webpack',
12 silly mapToRegistry   scope: null,
12 silly mapToRegistry   escapedName: 'webpack',
12 silly mapToRegistry   name: 'webpack',
12 silly mapToRegistry   rawSpec: '',
12 silly mapToRegistry   spec: 'latest',
12 silly mapToRegistry   type: 'tag' }
13 silly mapToRegistry uri https://registry.npmjs.org/webpack
14 verbose request uri https://registry.npmjs.org/webpack
15 verbose request no auth needed
16 info attempt registry request try #1 at 15:55:47
17 verbose request id f7113a558dfc7a03
18 http request GET https://registry.npmjs.org/webpack
19 verbose stack Error: kill ENOSYS
19 verbose stack     at exports._errnoException (util.js:1018:11)
19 verbose stack     at process.kill (internal/process.js:190:13)
19 verbose stack     at process.listener (D:\worksoft\nodejs\node_modules\npm\node_modules\npmlog\node_modules\gauge\node_modules\signal-exit\index.js:86:15)
19 verbose stack     at emitNone (events.js:91:20)
19 verbose stack     at process.emit (events.js:185:7)
19 verbose stack     at processEmit (D:\worksoft\nodejs\node_modules\npm\node_modules\npmlog\node_modules\gauge\node_modules\signal-exit\index.js:146:32)
19 verbose stack     at processEmit (D:\worksoft\nodejs\node_modules\npm\node_modules\npm-registry-client\node_modules\npmlog\node_modules\gauge\node_modules\signal-exit\index.js:146:32)
19 verbose stack     at Signal.wrap.onsignal (internal/process.js:217:44)
20 verbose cwd D:\project\muke_vue
21 error Windows_NT 10.0.15063
22 error argv "D:\\worksoft\\nodejs\\node.exe" "D:\\worksoft\\nodejs\\node_modules\\npm\\bin\\npm-cli.js" "install" "webpack" "-S"
23 error node v6.10.3
24 error npm  v3.10.10
25 error code ENOSYS
26 error errno ENOSYS
27 error syscall kill
28 error kill ENOSYS
29 error If you need help, you may report this error at:
29 error     <https://github.com/npm/npm/issues>
30 verbose exit [ 1, true ]
